


 记录时间：2016-07-08 10:15:54,066 
日志级别：  INFO  
出错类：Himall.PaymentPlugin.PaymentBase`1[T].set_WorkDirectory  
错误描述：set WorkDirectory:Himall.Plugin.Payment.Alipay.Service 




 记录时间：2016-07-08 10:15:54,098 
日志级别：  INFO  
出错类：Himall.PaymentPlugin.PaymentBase`1[T].set_WorkDirectory  
错误描述：set WorkDirectory:Himall.Plugin.Payment.Alipay_QRCode.Service 




 记录时间：2016-07-08 10:15:54,124 
日志级别：  INFO  
出错类：Himall.PaymentPlugin.PaymentBase`1[T].set_WorkDirectory  
错误描述：set WorkDirectory:Himall.Plugin.Payment.UnionPay.UnionPay 




 记录时间：2016-07-08 10:15:54,147 
日志级别：  INFO  
出错类：Himall.PaymentPlugin.PaymentBase`1[T].set_WorkDirectory  
错误描述：set WorkDirectory:Himall.Plugin.Payment.WeiXinPay.Service 




 记录时间：2016-07-08 10:15:54,196 
日志级别：  INFO  
出错类：Himall.PaymentPlugin.PaymentBase`1[T].set_WorkDirectory  
错误描述：set WorkDirectory:Himall.Plugin.Payment.WeiXinPay_Native.WeiXinPay 




 记录时间：2016-07-08 13:16:46,380 
日志级别：  INFO  
出错类：Himall.PaymentPlugin.PaymentBase`1[T].set_WorkDirectory  
错误描述：set WorkDirectory:Himall.Plugin.Payment.Alipay.Service 




 记录时间：2016-07-08 13:16:46,415 
日志级别：  INFO  
出错类：Himall.PaymentPlugin.PaymentBase`1[T].set_WorkDirectory  
错误描述：set WorkDirectory:Himall.Plugin.Payment.Alipay_QRCode.Service 




 记录时间：2016-07-08 13:16:46,442 
日志级别：  INFO  
出错类：Himall.PaymentPlugin.PaymentBase`1[T].set_WorkDirectory  
错误描述：set WorkDirectory:Himall.Plugin.Payment.UnionPay.UnionPay 




 记录时间：2016-07-08 13:16:46,466 
日志级别：  INFO  
出错类：Himall.PaymentPlugin.PaymentBase`1[T].set_WorkDirectory  
错误描述：set WorkDirectory:Himall.Plugin.Payment.WeiXinPay.Service 




 记录时间：2016-07-08 13:16:46,492 
日志级别：  INFO  
出错类：Himall.PaymentPlugin.PaymentBase`1[T].set_WorkDirectory  
错误描述：set WorkDirectory:Himall.Plugin.Payment.WeiXinPay_Native.WeiXinPay 




 记录时间：2016-07-08 13:17:11,966 
日志级别：  INFO  
出错类：Himall.Web.Areas.Web.Controllers.LoginController.UserLoginIn  
错误描述：用户名和密码不匹配 

Himall.Web.Areas.Web.LoginException: 用户名和密码不匹配



 记录时间：2016-07-08 13:18:43,731 
日志级别：  INFO  
出错类：Himall.Web.Areas.SellerAdmin.Controllers.ShopProfileController.OnActionExecuting  
错误描述：Executing:editprofile0 




 记录时间：2016-07-08 13:18:53,442 
日志级别：  INFO  
出错类：Himall.Web.Areas.SellerAdmin.Controllers.ShopProfileController.OnActionExecuting  
错误描述：Executing:step0 




 记录时间：2016-07-08 13:18:57,074 
日志级别：  INFO  
出错类：Himall.Web.Areas.SellerAdmin.Controllers.ShopProfileController.OnActionExecuting  
错误描述：Executing:agreement 




 记录时间：2016-07-08 13:18:58,519 
日志级别：  INFO  
出错类：Himall.Web.Areas.SellerAdmin.Controllers.ShopProfileController.OnActionExecuting  
错误描述：Executing:editprofile1 




 记录时间：2016-07-08 13:19:00,076 
日志级别：  INFO  
出错类：Himall.Web.Areas.SellerAdmin.Controllers.ShopProfileController.OnActionExecuting  
错误描述：Executing:step1 




 记录时间：2016-07-08 13:23:12,575 
日志级别：  INFO  
出错类：Himall.Web.Areas.SellerAdmin.Controllers.ShopProfileController.OnActionExecuting  
错误描述：Executing:checkcompanyname 




 记录时间：2016-07-08 13:23:14,040 
日志级别：  INFO  
出错类：Himall.Web.Areas.SellerAdmin.Controllers.ShopProfileController.OnActionExecuting  
错误描述：Executing3:checkcompanyname 




 记录时间：2016-07-08 13:23:14,700 
日志级别：  INFO  
出错类：Himall.Web.Areas.SellerAdmin.Controllers.ShopProfileController.OnActionExecuting  
错误描述：Executing:checkcompanyname 




 记录时间：2016-07-08 13:23:15,394 
日志级别：  INFO  
出错类：Himall.Web.Areas.SellerAdmin.Controllers.ShopProfileController.OnActionExecuting  
错误描述：Executing3:checkcompanyname 




 记录时间：2016-07-08 13:23:16,411 
日志级别：  INFO  
出错类：Himall.Web.Areas.SellerAdmin.Controllers.ShopProfileController.OnActionExecuting  
错误描述：Executing:editprofile1 




 记录时间：2016-07-08 13:23:19,918 
日志级别：  INFO  
出错类：Himall.Web.Areas.SellerAdmin.Controllers.ShopProfileController.OnActionExecuting  
错误描述：Executing:editprofile1 




 记录时间：2016-07-08 13:23:23,429 
日志级别：  INFO  
出错类：Himall.Web.Areas.SellerAdmin.Controllers.ShopProfileController.OnActionExecuting  
错误描述：Executing:editprofile2 




 记录时间：2016-07-08 13:23:24,640 
日志级别：  INFO  
出错类：Himall.Web.Areas.SellerAdmin.Controllers.ShopProfileController.OnActionExecuting  
错误描述：Executing:step2 




 记录时间：2016-07-08 13:24:26,019 
日志级别：  INFO  
出错类：Himall.Web.Areas.SellerAdmin.Controllers.ShopProfileController.OnActionExecuting  
错误描述：Executing:editprofile2 




 记录时间：2016-07-08 13:24:28,083 
日志级别：  INFO  
出错类：Himall.Web.Areas.SellerAdmin.Controllers.ShopProfileController.OnActionExecuting  
错误描述：Executing:editprofile3 




 记录时间：2016-07-08 13:24:30,010 
日志级别：  INFO  
出错类：Himall.Web.Areas.SellerAdmin.Controllers.ShopProfileController.OnActionExecuting  
错误描述：Executing:step3 




 记录时间：2016-07-08 13:24:48,027 
日志级别：  INFO  
出错类：Himall.Web.Areas.SellerAdmin.Controllers.ShopProfileController.OnActionExecuting  
错误描述：Executing:getcategories 




 记录时间：2016-07-08 13:24:50,145 
日志级别：  INFO  
出错类：Himall.Web.Areas.SellerAdmin.Controllers.ShopProfileController.OnActionExecuting  
错误描述：Executing:getcategories 




 记录时间：2016-07-08 13:24:53,573 
日志级别：  INFO  
出错类：Himall.Web.Areas.SellerAdmin.Controllers.ShopProfileController.OnActionExecuting  
错误描述：Executing:getcategories 




 记录时间：2016-07-08 13:24:58,216 
日志级别：  INFO  
出错类：Himall.Web.Areas.SellerAdmin.Controllers.ShopProfileController.OnActionExecuting  
错误描述：Executing:editprofile3 




 记录时间：2016-07-08 13:25:03,956 
日志级别：  INFO  
出错类：Himall.Web.Areas.SellerAdmin.Controllers.ShopProfileController.OnActionExecuting  
错误描述：Executing:editprofile3 




 记录时间：2016-07-08 13:25:04,271 
日志级别：  INFO  
出错类：Himall.Web.Areas.SellerAdmin.Controllers.ShopProfileController.OnActionExecuting  
错误描述：Executing3:editprofile3 




 记录时间：2016-07-08 13:25:04,882 
日志级别：  INFO  
出错类：Himall.Web.Areas.SellerAdmin.Controllers.ShopProfileController.OnActionExecuting  
错误描述：Executing:editprofile4 




 记录时间：2016-07-08 13:25:06,903 
日志级别：  INFO  
出错类：Himall.Web.Areas.SellerAdmin.Controllers.ShopProfileController.OnActionExecuting  
错误描述：Executing:step4 




 记录时间：2016-07-08 13:25:45,312 
日志级别：  INFO  
出错类：Himall.Web.Areas.SellerAdmin.Controllers.ShopProfileController.OnActionExecuting  
错误描述：Executing:editprofile4 




 记录时间：2016-07-08 13:25:46,937 
日志级别：  INFO  
出错类：Himall.Web.Areas.SellerAdmin.Controllers.ShopProfileController.OnActionExecuting  
错误描述：Executing:step4 




 记录时间：2016-07-08 13:25:59,679 
日志级别：  INFO  
出错类：Himall.Web.Areas.SellerAdmin.Controllers.ShopProfileController.OnActionExecuting  
错误描述：Executing:editprofile4 




 记录时间：2016-07-08 13:26:03,906 
日志级别：  INFO  
出错类：Himall.Web.Areas.SellerAdmin.Controllers.ShopProfileController.OnActionExecuting  
错误描述：Executing:editprofile4 




 记录时间：2016-07-08 13:26:05,088 
日志级别：  INFO  
出错类：Himall.Web.Areas.SellerAdmin.Controllers.ShopProfileController.OnActionExecuting  
错误描述：Executing3:editprofile4 




 记录时间：2016-07-08 13:26:08,352 
日志级别：  INFO  
出错类：Himall.Web.Areas.SellerAdmin.Controllers.ShopProfileController.OnActionExecuting  
错误描述：Executing:editprofile5 




 记录时间：2016-07-08 13:26:11,568 
日志级别：  INFO  
出错类：Himall.Web.Areas.SellerAdmin.Controllers.ShopProfileController.OnActionExecuting  
错误描述：Executing:step5 




 记录时间：2016-07-08 13:26:47,523 
日志级别：  INFO  
出错类：Himall.Web.Areas.SellerAdmin.Controllers.ShopProfileController.OnActionExecuting  
错误描述：Executing:editprofile5 




 记录时间：2016-07-08 13:26:48,227 
日志级别：  INFO  
出错类：Himall.Web.Areas.SellerAdmin.Controllers.ShopProfileController.OnActionExecuting  
错误描述：Executing2:editprofile5 




 记录时间：2016-07-08 13:28:58,932 
日志级别：  INFO  
出错类：Himall.PaymentPlugin.PaymentBase`1[T].set_WorkDirectory  
错误描述：set WorkDirectory:Himall.Plugin.Payment.Alipay.Service 




 记录时间：2016-07-08 13:28:58,974 
日志级别：  INFO  
出错类：Himall.PaymentPlugin.PaymentBase`1[T].set_WorkDirectory  
错误描述：set WorkDirectory:Himall.Plugin.Payment.Alipay_QRCode.Service 




 记录时间：2016-07-08 13:28:59,022 
日志级别：  INFO  
出错类：Himall.PaymentPlugin.PaymentBase`1[T].set_WorkDirectory  
错误描述：set WorkDirectory:Himall.Plugin.Payment.UnionPay.UnionPay 




 记录时间：2016-07-08 13:28:59,074 
日志级别：  INFO  
出错类：Himall.PaymentPlugin.PaymentBase`1[T].set_WorkDirectory  
错误描述：set WorkDirectory:Himall.Plugin.Payment.WeiXinPay.Service 




 记录时间：2016-07-08 13:28:59,111 
日志级别：  INFO  
出错类：Himall.PaymentPlugin.PaymentBase`1[T].set_WorkDirectory  
错误描述：set WorkDirectory:Himall.Plugin.Payment.WeiXinPay_Native.WeiXinPay 




 记录时间：2016-07-08 13:30:17,671 
日志级别：  INFO  
出错类：Himall.PaymentPlugin.PaymentBase`1[T].set_WorkDirectory  
错误描述：set WorkDirectory:Himall.Plugin.Payment.Alipay.Service 




 记录时间：2016-07-08 13:30:17,703 
日志级别：  INFO  
出错类：Himall.PaymentPlugin.PaymentBase`1[T].set_WorkDirectory  
错误描述：set WorkDirectory:Himall.Plugin.Payment.Alipay_QRCode.Service 




 记录时间：2016-07-08 13:30:17,725 
日志级别：  INFO  
出错类：Himall.PaymentPlugin.PaymentBase`1[T].set_WorkDirectory  
错误描述：set WorkDirectory:Himall.Plugin.Payment.UnionPay.UnionPay 




 记录时间：2016-07-08 13:30:17,747 
日志级别：  INFO  
出错类：Himall.PaymentPlugin.PaymentBase`1[T].set_WorkDirectory  
错误描述：set WorkDirectory:Himall.Plugin.Payment.WeiXinPay.Service 




 记录时间：2016-07-08 13:30:17,769 
日志级别：  INFO  
出错类：Himall.PaymentPlugin.PaymentBase`1[T].set_WorkDirectory  
错误描述：set WorkDirectory:Himall.Plugin.Payment.WeiXinPay_Native.WeiXinPay 




 记录时间：2016-07-08 13:32:13,759 
日志级别：  INFO  
出错类：Himall.PaymentPlugin.PaymentBase`1[T].set_WorkDirectory  
错误描述：set WorkDirectory:Himall.Plugin.Payment.Alipay.Service 




 记录时间：2016-07-08 13:32:13,808 
日志级别：  INFO  
出错类：Himall.PaymentPlugin.PaymentBase`1[T].set_WorkDirectory  
错误描述：set WorkDirectory:Himall.Plugin.Payment.Alipay_QRCode.Service 




 记录时间：2016-07-08 13:32:13,847 
日志级别：  INFO  
出错类：Himall.PaymentPlugin.PaymentBase`1[T].set_WorkDirectory  
错误描述：set WorkDirectory:Himall.Plugin.Payment.UnionPay.UnionPay 




 记录时间：2016-07-08 13:32:13,888 
日志级别：  INFO  
出错类：Himall.PaymentPlugin.PaymentBase`1[T].set_WorkDirectory  
错误描述：set WorkDirectory:Himall.Plugin.Payment.WeiXinPay.Service 




 记录时间：2016-07-08 13:32:13,928 
日志级别：  INFO  
出错类：Himall.PaymentPlugin.PaymentBase`1[T].set_WorkDirectory  
错误描述：set WorkDirectory:Himall.Plugin.Payment.WeiXinPay_Native.WeiXinPay 




 记录时间：2016-07-08 14:01:36,380 
日志级别：  INFO  
出错类：Himall.PaymentPlugin.PaymentBase`1[T].set_WorkDirectory  
错误描述：set WorkDirectory:Himall.Plugin.Payment.Alipay.Service 




 记录时间：2016-07-08 14:01:36,438 
日志级别：  INFO  
出错类：Himall.PaymentPlugin.PaymentBase`1[T].set_WorkDirectory  
错误描述：set WorkDirectory:Himall.Plugin.Payment.Alipay_QRCode.Service 




 记录时间：2016-07-08 14:01:36,473 
日志级别：  INFO  
出错类：Himall.PaymentPlugin.PaymentBase`1[T].set_WorkDirectory  
错误描述：set WorkDirectory:Himall.Plugin.Payment.UnionPay.UnionPay 




 记录时间：2016-07-08 14:01:36,521 
日志级别：  INFO  
出错类：Himall.PaymentPlugin.PaymentBase`1[T].set_WorkDirectory  
错误描述：set WorkDirectory:Himall.Plugin.Payment.WeiXinPay.Service 




 记录时间：2016-07-08 14:01:36,565 
日志级别：  INFO  
出错类：Himall.PaymentPlugin.PaymentBase`1[T].set_WorkDirectory  
错误描述：set WorkDirectory:Himall.Plugin.Payment.WeiXinPay_Native.WeiXinPay 




 记录时间：2016-07-08 14:01:48,807 
日志级别：  INFO  
出错类：Himall.PaymentPlugin.PaymentBase`1[T].set_WorkDirectory  
错误描述：set WorkDirectory:Himall.Plugin.Payment.Alipay.Service 




 记录时间：2016-07-08 14:01:48,895 
日志级别：  INFO  
出错类：Himall.PaymentPlugin.PaymentBase`1[T].set_WorkDirectory  
错误描述：set WorkDirectory:Himall.Plugin.Payment.Alipay_QRCode.Service 




 记录时间：2016-07-08 14:01:48,930 
日志级别：  INFO  
出错类：Himall.PaymentPlugin.PaymentBase`1[T].set_WorkDirectory  
错误描述：set WorkDirectory:Himall.Plugin.Payment.UnionPay.UnionPay 




 记录时间：2016-07-08 14:01:48,973 
日志级别：  INFO  
出错类：Himall.PaymentPlugin.PaymentBase`1[T].set_WorkDirectory  
错误描述：set WorkDirectory:Himall.Plugin.Payment.WeiXinPay.Service 




 记录时间：2016-07-08 14:01:49,026 
日志级别：  INFO  
出错类：Himall.PaymentPlugin.PaymentBase`1[T].set_WorkDirectory  
错误描述：set WorkDirectory:Himall.Plugin.Payment.WeiXinPay_Native.WeiXinPay 




 记录时间：2016-07-08 14:06:37,924 
日志级别：  INFO  
出错类：Himall.PaymentPlugin.PaymentBase`1[T].set_WorkDirectory  
错误描述：set WorkDirectory:Himall.Plugin.Payment.Alipay.Service 




 记录时间：2016-07-08 14:06:37,959 
日志级别：  INFO  
出错类：Himall.PaymentPlugin.PaymentBase`1[T].set_WorkDirectory  
错误描述：set WorkDirectory:Himall.Plugin.Payment.Alipay_QRCode.Service 




 记录时间：2016-07-08 14:06:37,982 
日志级别：  INFO  
出错类：Himall.PaymentPlugin.PaymentBase`1[T].set_WorkDirectory  
错误描述：set WorkDirectory:Himall.Plugin.Payment.UnionPay.UnionPay 




 记录时间：2016-07-08 14:06:38,002 
日志级别：  INFO  
出错类：Himall.PaymentPlugin.PaymentBase`1[T].set_WorkDirectory  
错误描述：set WorkDirectory:Himall.Plugin.Payment.WeiXinPay.Service 




 记录时间：2016-07-08 14:06:38,024 
日志级别：  INFO  
出错类：Himall.PaymentPlugin.PaymentBase`1[T].set_WorkDirectory  
错误描述：set WorkDirectory:Himall.Plugin.Payment.WeiXinPay_Native.WeiXinPay 




 记录时间：2016-07-08 14:07:08,789 
日志级别：  INFO  
出错类：Himall.Web.Areas.SellerAdmin.Controllers.ProductController.PublicStepTwo  
错误描述：0,该商品已删除或者不属于该店铺 

Himall.Core.HimallException: 0,该商品已删除或者不属于该店铺



 记录时间：2016-07-08 14:21:30,058 
日志级别：  INFO  
出错类：Himall.PaymentPlugin.PaymentBase`1[T].set_WorkDirectory  
错误描述：set WorkDirectory:Himall.Plugin.Payment.Alipay.Service 




 记录时间：2016-07-08 14:21:30,088 
日志级别：  INFO  
出错类：Himall.PaymentPlugin.PaymentBase`1[T].set_WorkDirectory  
错误描述：set WorkDirectory:Himall.Plugin.Payment.Alipay_QRCode.Service 




 记录时间：2016-07-08 14:21:30,111 
日志级别：  INFO  
出错类：Himall.PaymentPlugin.PaymentBase`1[T].set_WorkDirectory  
错误描述：set WorkDirectory:Himall.Plugin.Payment.UnionPay.UnionPay 




 记录时间：2016-07-08 14:21:30,138 
日志级别：  INFO  
出错类：Himall.PaymentPlugin.PaymentBase`1[T].set_WorkDirectory  
错误描述：set WorkDirectory:Himall.Plugin.Payment.WeiXinPay.Service 




 记录时间：2016-07-08 14:21:30,162 
日志级别：  INFO  
出错类：Himall.PaymentPlugin.PaymentBase`1[T].set_WorkDirectory  
错误描述：set WorkDirectory:Himall.Plugin.Payment.WeiXinPay_Native.WeiXinPay 




 记录时间：2016-07-08 14:23:04,553 
日志级别：  INFO  
出错类：Himall.PaymentPlugin.PaymentBase`1[T].set_WorkDirectory  
错误描述：set WorkDirectory:Himall.Plugin.Payment.Alipay.Service 




 记录时间：2016-07-08 14:23:04,585 
日志级别：  INFO  
出错类：Himall.PaymentPlugin.PaymentBase`1[T].set_WorkDirectory  
错误描述：set WorkDirectory:Himall.Plugin.Payment.Alipay_QRCode.Service 




 记录时间：2016-07-08 14:23:04,609 
日志级别：  INFO  
出错类：Himall.PaymentPlugin.PaymentBase`1[T].set_WorkDirectory  
错误描述：set WorkDirectory:Himall.Plugin.Payment.UnionPay.UnionPay 




 记录时间：2016-07-08 14:23:04,631 
日志级别：  INFO  
出错类：Himall.PaymentPlugin.PaymentBase`1[T].set_WorkDirectory  
错误描述：set WorkDirectory:Himall.Plugin.Payment.WeiXinPay.Service 




 记录时间：2016-07-08 14:23:04,654 
日志级别：  INFO  
出错类：Himall.PaymentPlugin.PaymentBase`1[T].set_WorkDirectory  
错误描述：set WorkDirectory:Himall.Plugin.Payment.WeiXinPay_Native.WeiXinPay 




 记录时间：2016-07-08 14:26:26,343 
日志级别：  INFO  
出错类：Himall.PaymentPlugin.PaymentBase`1[T].set_WorkDirectory  
错误描述：set WorkDirectory:Himall.Plugin.Payment.Alipay.Service 




 记录时间：2016-07-08 14:26:26,372 
日志级别：  INFO  
出错类：Himall.PaymentPlugin.PaymentBase`1[T].set_WorkDirectory  
错误描述：set WorkDirectory:Himall.Plugin.Payment.Alipay_QRCode.Service 




 记录时间：2016-07-08 14:26:26,393 
日志级别：  INFO  
出错类：Himall.PaymentPlugin.PaymentBase`1[T].set_WorkDirectory  
错误描述：set WorkDirectory:Himall.Plugin.Payment.UnionPay.UnionPay 




 记录时间：2016-07-08 14:26:26,416 
日志级别：  INFO  
出错类：Himall.PaymentPlugin.PaymentBase`1[T].set_WorkDirectory  
错误描述：set WorkDirectory:Himall.Plugin.Payment.WeiXinPay.Service 




 记录时间：2016-07-08 14:26:26,441 
日志级别：  INFO  
出错类：Himall.PaymentPlugin.PaymentBase`1[T].set_WorkDirectory  
错误描述：set WorkDirectory:Himall.Plugin.Payment.WeiXinPay_Native.WeiXinPay 




 记录时间：2016-07-08 14:59:17,888 
日志级别：  INFO  
出错类：Himall.PaymentPlugin.PaymentBase`1[T].set_WorkDirectory  
错误描述：set WorkDirectory:Himall.Plugin.Payment.Alipay.Service 




 记录时间：2016-07-08 14:59:17,918 
日志级别：  INFO  
出错类：Himall.PaymentPlugin.PaymentBase`1[T].set_WorkDirectory  
错误描述：set WorkDirectory:Himall.Plugin.Payment.Alipay_QRCode.Service 




 记录时间：2016-07-08 14:59:17,939 
日志级别：  INFO  
出错类：Himall.PaymentPlugin.PaymentBase`1[T].set_WorkDirectory  
错误描述：set WorkDirectory:Himall.Plugin.Payment.UnionPay.UnionPay 




 记录时间：2016-07-08 14:59:17,958 
日志级别：  INFO  
出错类：Himall.PaymentPlugin.PaymentBase`1[T].set_WorkDirectory  
错误描述：set WorkDirectory:Himall.Plugin.Payment.WeiXinPay.Service 




 记录时间：2016-07-08 14:59:17,980 
日志级别：  INFO  
出错类：Himall.PaymentPlugin.PaymentBase`1[T].set_WorkDirectory  
错误描述：set WorkDirectory:Himall.Plugin.Payment.WeiXinPay_Native.WeiXinPay 




 记录时间：2016-07-08 15:11:42,068 
日志级别：  INFO  
出错类：Himall.PaymentPlugin.PaymentBase`1[T].set_WorkDirectory  
错误描述：set WorkDirectory:Himall.Plugin.Payment.Alipay.Service 




 记录时间：2016-07-08 15:11:42,097 
日志级别：  INFO  
出错类：Himall.PaymentPlugin.PaymentBase`1[T].set_WorkDirectory  
错误描述：set WorkDirectory:Himall.Plugin.Payment.Alipay_QRCode.Service 




 记录时间：2016-07-08 15:11:42,119 
日志级别：  INFO  
出错类：Himall.PaymentPlugin.PaymentBase`1[T].set_WorkDirectory  
错误描述：set WorkDirectory:Himall.Plugin.Payment.UnionPay.UnionPay 




 记录时间：2016-07-08 15:11:42,141 
日志级别：  INFO  
出错类：Himall.PaymentPlugin.PaymentBase`1[T].set_WorkDirectory  
错误描述：set WorkDirectory:Himall.Plugin.Payment.WeiXinPay.Service 




 记录时间：2016-07-08 15:11:42,162 
日志级别：  INFO  
出错类：Himall.PaymentPlugin.PaymentBase`1[T].set_WorkDirectory  
错误描述：set WorkDirectory:Himall.Plugin.Payment.WeiXinPay_Native.WeiXinPay 




 记录时间：2016-07-08 17:02:01,054 
日志级别：  INFO  
出错类：Himall.PaymentPlugin.PaymentBase`1[T].set_WorkDirectory  
错误描述：set WorkDirectory:Himall.Plugin.Payment.Alipay.Service 




 记录时间：2016-07-08 17:02:01,099 
日志级别：  INFO  
出错类：Himall.PaymentPlugin.PaymentBase`1[T].set_WorkDirectory  
错误描述：set WorkDirectory:Himall.Plugin.Payment.Alipay_QRCode.Service 




 记录时间：2016-07-08 17:02:01,133 
日志级别：  INFO  
出错类：Himall.PaymentPlugin.PaymentBase`1[T].set_WorkDirectory  
错误描述：set WorkDirectory:Himall.Plugin.Payment.UnionPay.UnionPay 




 记录时间：2016-07-08 17:02:01,167 
日志级别：  INFO  
出错类：Himall.PaymentPlugin.PaymentBase`1[T].set_WorkDirectory  
错误描述：set WorkDirectory:Himall.Plugin.Payment.WeiXinPay.Service 




 记录时间：2016-07-08 17:02:01,199 
日志级别：  INFO  
出错类：Himall.PaymentPlugin.PaymentBase`1[T].set_WorkDirectory  
错误描述：set WorkDirectory:Himall.Plugin.Payment.WeiXinPay_Native.WeiXinPay 

