


 记录时间：2016-06-14 14:40:28,881 
日志级别：  INFO  
出错类：Himall.PaymentPlugin.PaymentBase`1[T].set_WorkDirectory  
错误描述：set WorkDirectory:Himall.Plugin.Payment.Alipay.Service 




 记录时间：2016-06-14 14:40:28,931 
日志级别：  INFO  
出错类：Himall.PaymentPlugin.PaymentBase`1[T].set_WorkDirectory  
错误描述：set WorkDirectory:Himall.Plugin.Payment.Alipay_QRCode.Service 




 记录时间：2016-06-14 14:40:28,964 
日志级别：  INFO  
出错类：Himall.PaymentPlugin.PaymentBase`1[T].set_WorkDirectory  
错误描述：set WorkDirectory:Himall.Plugin.Payment.UnionPay.UnionPay 




 记录时间：2016-06-14 14:40:28,992 
日志级别：  INFO  
出错类：Himall.PaymentPlugin.PaymentBase`1[T].set_WorkDirectory  
错误描述：set WorkDirectory:Himall.Plugin.Payment.WeiXinPay.Service 




 记录时间：2016-06-14 14:40:29,028 
日志级别：  INFO  
出错类：Himall.PaymentPlugin.PaymentBase`1[T].set_WorkDirectory  
错误描述：set WorkDirectory:Himall.Plugin.Payment.WeiXinPay_Native.WeiXinPay 




 记录时间：2016-06-14 14:42:03,875 
日志级别：  INFO  
出错类：Himall.Web.Areas.SellerAdmin.Controllers.ShopProfileController.OnActionExecuting  
错误描述：Executing:editprofile0 




 记录时间：2016-06-14 14:42:06,252 
日志级别：  INFO  
出错类：Himall.Web.Areas.SellerAdmin.Controllers.ShopProfileController.OnActionExecuting  
错误描述：Executing:step0 




 记录时间：2016-06-14 14:42:10,600 
日志级别：  INFO  
出错类：Himall.Web.Areas.SellerAdmin.Controllers.ShopProfileController.OnActionExecuting  
错误描述：Executing:agreement 




 记录时间：2016-06-14 14:42:14,362 
日志级别：  INFO  
出错类：Himall.Web.Areas.SellerAdmin.Controllers.ShopProfileController.OnActionExecuting  
错误描述：Executing:editprofile1 




 记录时间：2016-06-14 14:42:14,513 
日志级别：  INFO  
出错类：Himall.Web.Areas.SellerAdmin.Controllers.ShopProfileController.OnActionExecuting  
错误描述：Executing1:editprofile1 




 记录时间：2016-06-14 14:42:15,471 
日志级别：  INFO  
出错类：Himall.Web.Areas.SellerAdmin.Controllers.ShopProfileController.OnActionExecuting  
错误描述：Executing:editprofile0 




 记录时间：2016-06-14 14:42:18,494 
日志级别：  INFO  
出错类：Himall.Web.Areas.SellerAdmin.Controllers.ShopProfileController.OnActionExecuting  
错误描述：Executing:step0 




 记录时间：2016-06-14 15:37:45,814 
日志级别：  INFO  
出错类：Himall.PaymentPlugin.PaymentBase`1[T].set_WorkDirectory  
错误描述：set WorkDirectory:Himall.Plugin.Payment.Alipay.Service 




 记录时间：2016-06-14 15:37:45,861 
日志级别：  INFO  
出错类：Himall.PaymentPlugin.PaymentBase`1[T].set_WorkDirectory  
错误描述：set WorkDirectory:Himall.Plugin.Payment.Alipay_QRCode.Service 




 记录时间：2016-06-14 15:37:45,907 
日志级别：  INFO  
出错类：Himall.PaymentPlugin.PaymentBase`1[T].set_WorkDirectory  
错误描述：set WorkDirectory:Himall.Plugin.Payment.UnionPay.UnionPay 




 记录时间：2016-06-14 15:37:45,953 
日志级别：  INFO  
出错类：Himall.PaymentPlugin.PaymentBase`1[T].set_WorkDirectory  
错误描述：set WorkDirectory:Himall.Plugin.Payment.WeiXinPay.Service 




 记录时间：2016-06-14 15:37:45,988 
日志级别：  INFO  
出错类：Himall.PaymentPlugin.PaymentBase`1[T].set_WorkDirectory  
错误描述：set WorkDirectory:Himall.Plugin.Payment.WeiXinPay_Native.WeiXinPay 




 记录时间：2016-06-14 15:38:02,989 
日志级别：  INFO  
出错类：Himall.Web.Areas.SellerAdmin.Controllers.ShopProfileController.OnActionExecuting  
错误描述：Executing:editprofile0 




 记录时间：2016-06-14 15:39:49,709 
日志级别：  INFO  
出错类：Himall.Web.Areas.SellerAdmin.Controllers.ShopProfileController.OnActionExecuting  
错误描述：Executing:step0 




 记录时间：2016-06-14 15:41:35,630 
日志级别：  INFO  
出错类：Himall.Web.Areas.SellerAdmin.Controllers.ShopProfileController.OnActionExecuting  
错误描述：Executing:agreement 




 记录时间：2016-06-14 15:43:11,829 
日志级别：  INFO  
出错类：Himall.Web.Areas.SellerAdmin.Controllers.ShopProfileController.OnActionExecuting  
错误描述：Executing:editprofile1 




 记录时间：2016-06-14 15:43:12,066 
日志级别：  INFO  
出错类：Himall.Web.Areas.SellerAdmin.Controllers.ShopProfileController.OnActionExecuting  
错误描述：Executing1:editprofile1 




 记录时间：2016-06-14 15:43:14,524 
日志级别：  INFO  
出错类：Himall.Web.Areas.SellerAdmin.Controllers.ShopProfileController.OnActionExecuting  
错误描述：Executing:editprofile0 




 记录时间：2016-06-14 15:43:59,101 
日志级别：  INFO  
出错类：Himall.Web.Areas.SellerAdmin.Controllers.ShopProfileController.OnActionExecuting  
错误描述：Executing:agreement 




 记录时间：2016-06-14 15:44:42,229 
日志级别：  INFO  
出错类：Himall.Web.Areas.SellerAdmin.Controllers.ShopProfileController.OnActionExecuting  
错误描述：Executing:editprofile1 




 记录时间：2016-06-14 15:44:42,400 
日志级别：  INFO  
出错类：Himall.Web.Areas.SellerAdmin.Controllers.ShopProfileController.OnActionExecuting  
错误描述：Executing1:editprofile1 




 记录时间：2016-06-14 15:44:44,342 
日志级别：  INFO  
出错类：Himall.Web.Areas.SellerAdmin.Controllers.ShopProfileController.OnActionExecuting  
错误描述：Executing:editprofile0 




 记录时间：2016-06-14 15:45:11,500 
日志级别：  INFO  
出错类：Himall.Web.Areas.SellerAdmin.Controllers.ShopProfileController.OnActionExecuting  
错误描述：Executing:step0 




 记录时间：2016-06-14 15:49:29,964 
日志级别：  INFO  
出错类：Himall.Web.Areas.SellerAdmin.Controllers.ShopProfileController.OnActionExecuting  
错误描述：Executing:agreement 




 记录时间：2016-06-14 15:51:12,672 
日志级别：  INFO  
出错类：Himall.Web.Areas.SellerAdmin.Controllers.ShopProfileController.OnActionExecuting  
错误描述：Executing:editprofile1 




 记录时间：2016-06-14 15:51:12,887 
日志级别：  INFO  
出错类：Himall.Web.Areas.SellerAdmin.Controllers.ShopProfileController.OnActionExecuting  
错误描述：Executing1:editprofile1 




 记录时间：2016-06-14 15:52:17,163 
日志级别：  INFO  
出错类：Himall.Web.Areas.SellerAdmin.Controllers.ShopProfileController.OnActionExecuting  
错误描述：Executing:editprofile0 




 记录时间：2016-06-14 15:59:29,470 
日志级别：  INFO  
出错类：Himall.PaymentPlugin.PaymentBase`1[T].set_WorkDirectory  
错误描述：set WorkDirectory:Himall.Plugin.Payment.Alipay.Service 




 记录时间：2016-06-14 15:59:29,519 
日志级别：  INFO  
出错类：Himall.PaymentPlugin.PaymentBase`1[T].set_WorkDirectory  
错误描述：set WorkDirectory:Himall.Plugin.Payment.Alipay_QRCode.Service 




 记录时间：2016-06-14 15:59:29,569 
日志级别：  INFO  
出错类：Himall.PaymentPlugin.PaymentBase`1[T].set_WorkDirectory  
错误描述：set WorkDirectory:Himall.Plugin.Payment.UnionPay.UnionPay 




 记录时间：2016-06-14 15:59:29,608 
日志级别：  INFO  
出错类：Himall.PaymentPlugin.PaymentBase`1[T].set_WorkDirectory  
错误描述：set WorkDirectory:Himall.Plugin.Payment.WeiXinPay.Service 




 记录时间：2016-06-14 15:59:29,646 
日志级别：  INFO  
出错类：Himall.PaymentPlugin.PaymentBase`1[T].set_WorkDirectory  
错误描述：set WorkDirectory:Himall.Plugin.Payment.WeiXinPay_Native.WeiXinPay 




 记录时间：2016-06-14 15:59:31,415 
日志级别：  INFO  
出错类：Himall.ServiceProvider.Instance`1[T].get_Create  
错误描述：ISiteSettingService服务实例创建失败 

System.ApplicationException: 未配置Himall.IServices.ISiteSettingService的实现
   在 Himall.ServiceProvider.Instance`1.get_Create() 位置 c:\Users\thinkpad\Desktop\耗材商城\6.13\haocai-master\源码\Himall.ServiceProvider\Instance_T_.cs:行号 51



 记录时间：2016-06-14 15:59:39,891 
日志级别：  INFO  
出错类：Himall.Web.Areas.SellerAdmin.Controllers.ShopProfileController.OnActionExecuting  
错误描述：Executing:editprofile0 




 记录时间：2016-06-14 15:59:56,640 
日志级别：  INFO  
出错类：Himall.Web.Areas.SellerAdmin.Controllers.ShopProfileController.OnActionExecuting  
错误描述：Executing:step0 




 记录时间：2016-06-14 16:00:01,813 
日志级别：  INFO  
出错类：Himall.Web.Areas.SellerAdmin.Controllers.ShopProfileController.OnActionExecuting  
错误描述：Executing:agreement 




 记录时间：2016-06-14 16:00:05,969 
日志级别：  INFO  
出错类：Himall.Web.Areas.SellerAdmin.Controllers.ShopProfileController.OnActionExecuting  
错误描述：Executing:editprofile1 




 记录时间：2016-06-14 16:00:06,118 
日志级别：  INFO  
出错类：Himall.Web.Areas.SellerAdmin.Controllers.ShopProfileController.OnActionExecuting  
错误描述：Executing1:editprofile1 




 记录时间：2016-06-14 16:00:07,413 
日志级别：  INFO  
出错类：Himall.Web.Areas.SellerAdmin.Controllers.ShopProfileController.OnActionExecuting  
错误描述：Executing:editprofile0 




 记录时间：2016-06-14 16:00:09,808 
日志级别：  INFO  
出错类：Himall.Web.Areas.SellerAdmin.Controllers.ShopProfileController.OnActionExecuting  
错误描述：Executing:step0 




 记录时间：2016-06-14 16:00:58,394 
日志级别：  INFO  
出错类：Himall.Web.Areas.SellerAdmin.Controllers.ShopProfileController.OnActionExecuting  
错误描述：Executing:agreement 




 记录时间：2016-06-14 16:01:06,485 
日志级别：  INFO  
出错类：Himall.Web.Areas.SellerAdmin.Controllers.ShopProfileController.OnActionExecuting  
错误描述：Executing:editprofile1 




 记录时间：2016-06-14 16:01:06,553 
日志级别：  INFO  
出错类：Himall.Web.Areas.SellerAdmin.Controllers.ShopProfileController.OnActionExecuting  
错误描述：Executing1:editprofile1 




 记录时间：2016-06-14 16:01:07,323 
日志级别：  INFO  
出错类：Himall.Web.Areas.SellerAdmin.Controllers.ShopProfileController.OnActionExecuting  
错误描述：Executing:editprofile0 




 记录时间：2016-06-14 16:01:09,097 
日志级别：  INFO  
出错类：Himall.Web.Areas.SellerAdmin.Controllers.ShopProfileController.OnActionExecuting  
错误描述：Executing:step0 




 记录时间：2016-06-14 16:06:54,241 
日志级别：  INFO  
出错类：Himall.PaymentPlugin.PaymentBase`1[T].set_WorkDirectory  
错误描述：set WorkDirectory:Himall.Plugin.Payment.Alipay.Service 




 记录时间：2016-06-14 16:06:54,291 
日志级别：  INFO  
出错类：Himall.PaymentPlugin.PaymentBase`1[T].set_WorkDirectory  
错误描述：set WorkDirectory:Himall.Plugin.Payment.Alipay_QRCode.Service 




 记录时间：2016-06-14 16:06:54,315 
日志级别：  INFO  
出错类：Himall.PaymentPlugin.PaymentBase`1[T].set_WorkDirectory  
错误描述：set WorkDirectory:Himall.Plugin.Payment.UnionPay.UnionPay 




 记录时间：2016-06-14 16:06:54,371 
日志级别：  INFO  
出错类：Himall.PaymentPlugin.PaymentBase`1[T].set_WorkDirectory  
错误描述：set WorkDirectory:Himall.Plugin.Payment.WeiXinPay.Service 




 记录时间：2016-06-14 16:06:54,398 
日志级别：  INFO  
出错类：Himall.PaymentPlugin.PaymentBase`1[T].set_WorkDirectory  
错误描述：set WorkDirectory:Himall.Plugin.Payment.WeiXinPay_Native.WeiXinPay 




 记录时间：2016-06-14 17:10:24,767 
日志级别：  INFO  
出错类：Himall.PaymentPlugin.PaymentBase`1[T].set_WorkDirectory  
错误描述：set WorkDirectory:Himall.Plugin.Payment.Alipay.Service 




 记录时间：2016-06-14 17:10:24,807 
日志级别：  INFO  
出错类：Himall.PaymentPlugin.PaymentBase`1[T].set_WorkDirectory  
错误描述：set WorkDirectory:Himall.Plugin.Payment.Alipay_QRCode.Service 




 记录时间：2016-06-14 17:10:24,837 
日志级别：  INFO  
出错类：Himall.PaymentPlugin.PaymentBase`1[T].set_WorkDirectory  
错误描述：set WorkDirectory:Himall.Plugin.Payment.UnionPay.UnionPay 




 记录时间：2016-06-14 17:10:24,860 
日志级别：  INFO  
出错类：Himall.PaymentPlugin.PaymentBase`1[T].set_WorkDirectory  
错误描述：set WorkDirectory:Himall.Plugin.Payment.WeiXinPay.Service 




 记录时间：2016-06-14 17:10:24,879 
日志级别：  INFO  
出错类：Himall.PaymentPlugin.PaymentBase`1[T].set_WorkDirectory  
错误描述：set WorkDirectory:Himall.Plugin.Payment.WeiXinPay_Native.WeiXinPay 

