


 记录时间：2016-07-04 11:05:47,931 
日志级别：  INFO  
出错类：Himall.PaymentPlugin.PaymentBase`1[T].set_WorkDirectory  
错误描述：set WorkDirectory:Himall.Plugin.Payment.Alipay.Service 




 记录时间：2016-07-04 11:05:47,982 
日志级别：  INFO  
出错类：Himall.PaymentPlugin.PaymentBase`1[T].set_WorkDirectory  
错误描述：set WorkDirectory:Himall.Plugin.Payment.Alipay_QRCode.Service 




 记录时间：2016-07-04 11:05:47,989 
日志级别：  INFO  
出错类：Himall.PaymentPlugin.PaymentBase`1[T].set_WorkDirectory  
错误描述：set WorkDirectory:Himall.Plugin.Payment.UnionPay.UnionPay 




 记录时间：2016-07-04 11:05:47,995 
日志级别：  INFO  
出错类：Himall.PaymentPlugin.PaymentBase`1[T].set_WorkDirectory  
错误描述：set WorkDirectory:Himall.Plugin.Payment.WeiXinPay.Service 




 记录时间：2016-07-04 11:05:48,002 
日志级别：  INFO  
出错类：Himall.PaymentPlugin.PaymentBase`1[T].set_WorkDirectory  
错误描述：set WorkDirectory:Himall.Plugin.Payment.WeiXinPay_Native.WeiXinPay 




 记录时间：2016-07-04 12:02:49,606 
日志级别：  INFO  
出错类：Himall.PaymentPlugin.PaymentBase`1[T].set_WorkDirectory  
错误描述：set WorkDirectory:Himall.Plugin.Payment.Alipay.Service 




 记录时间：2016-07-04 12:02:49,657 
日志级别：  INFO  
出错类：Himall.PaymentPlugin.PaymentBase`1[T].set_WorkDirectory  
错误描述：set WorkDirectory:Himall.Plugin.Payment.Alipay_QRCode.Service 




 记录时间：2016-07-04 12:02:49,665 
日志级别：  INFO  
出错类：Himall.PaymentPlugin.PaymentBase`1[T].set_WorkDirectory  
错误描述：set WorkDirectory:Himall.Plugin.Payment.UnionPay.UnionPay 




 记录时间：2016-07-04 12:02:49,672 
日志级别：  INFO  
出错类：Himall.PaymentPlugin.PaymentBase`1[T].set_WorkDirectory  
错误描述：set WorkDirectory:Himall.Plugin.Payment.WeiXinPay.Service 




 记录时间：2016-07-04 12:02:49,677 
日志级别：  INFO  
出错类：Himall.PaymentPlugin.PaymentBase`1[T].set_WorkDirectory  
错误描述：set WorkDirectory:Himall.Plugin.Payment.WeiXinPay_Native.WeiXinPay 




 记录时间：2016-07-04 12:09:51,656 
日志级别：  INFO  
出错类：Himall.Web.Areas.Web.Controllers.LoginController.UserLoginIn  
错误描述：用户名和密码不匹配 

Himall.Web.Areas.Web.LoginException: 用户名和密码不匹配



 记录时间：2016-07-04 12:10:39,637 
日志级别：  INFO  
出错类：Himall.ServiceProvider.Instance`1[T].get_Create  
错误描述：IBonusService服务实例创建失败 

Autofac.Core.DependencyResolutionException: An exception was thrown while invoking the constructor 'Void .ctor()' on type 'BonusService'. ---> 微信请求发生错误！错误代码：40125，说明：invalid appsecret, view more at http://t.cn/RAEkdVq hint: [X20l7a0439szc7] (See inner exception for details.) ---> Senparc.Weixin.Exceptions.ErrorJsonResultException: 微信请求发生错误！错误代码：40125，说明：invalid appsecret, view more at http://t.cn/RAEkdVq hint: [X20l7a0439szc7]
   在 Senparc.Weixin.HttpUtility.Get.GetJson[T](String url, Encoding encoding)
   在 Senparc.Weixin.MP.CommonAPIs.CommonApi.GetToken(String appid, String secret, String grant_type)
   在 Senparc.Weixin.MP.CommonAPIs.AccessTokenContainer.GetTokenResult(String appId, Boolean getNewToken)
   在 Senparc.Weixin.MP.CommonAPIs.AccessTokenContainer.GetToken(String appId, Boolean getNewToken)
   在 Senparc.Weixin.MP.CommonAPIs.AccessTokenContainer.TryGetToken(String appId, String appSecret, Boolean getNewToken)
   在 Himall.Service.BonusService.init(String appid, String secret) 位置 d:\MyGit\源码\Himall.Service\BonusService.cs:行号 307
   在 lambda_method(Closure , Object[] )
   在 Autofac.Core.Activators.Reflection.ConstructorParameterBinding.Instantiate()
   --- 内部异常堆栈跟踪的结尾 ---
   在 Autofac.Core.Activators.Reflection.ConstructorParameterBinding.Instantiate()
   在 Autofac.Core.Activators.Reflection.ReflectionActivator.ActivateInstance(IComponentContext context, IEnumerable`1 parameters)
   在 Autofac.Core.Resolving.InstanceLookup.Activate(IEnumerable`1 parameters)
   在 Autofac.Core.Resolving.InstanceLookup.Execute()
   在 Autofac.Core.Resolving.ResolveOperation.GetOrCreateInstance(ISharingLifetimeScope currentOperationScope, IComponentRegistration registration, IEnumerable`1 parameters)
   在 Autofac.Core.Resolving.ResolveOperation.Execute(IComponentRegistration registration, IEnumerable`1 parameters)
   在 Autofac.ResolutionExtensions.ResolveService(IComponentContext context, Service service, IEnumerable`1 parameters)
   在 Autofac.ResolutionExtensions.Resolve[TService](IComponentContext context, IEnumerable`1 parameters)
   在 Himall.ServiceProvider.Instance`1.get_Create() 位置 d:\MyGit\源码\Himall.ServiceProvider\Instance_T_.cs:行号 66



 记录时间：2016-07-04 12:11:10,206 
日志级别：  INFO  
出错类：Himall.Web.Areas.Web.Controllers.LoginController.UserLoginIn  
错误描述：用户名和密码不匹配 

Himall.Web.Areas.Web.LoginException: 用户名和密码不匹配



 记录时间：2016-07-04 12:16:47,899 
日志级别：  INFO  
出错类：Himall.Service.CategoryService.DeleteCategory  
错误描述：删除失败，因为有商品与该分类或子级分类关联 

Himall.Core.HimallException: 删除失败，因为有商品与该分类或子级分类关联
