


<<<<<<< HEAD
 记录时间：2016-07-15 09:55:06,932 
=======
 记录时间：2016-07-15 11:28:26,641 
>>>>>>> 0457003d8df2f5d70d4c70b2137147d4b20647f0
日志级别：  INFO  
出错类：Himall.PaymentPlugin.PaymentBase`1[T].set_WorkDirectory  
错误描述：set WorkDirectory:Himall.Plugin.Payment.Alipay.Service 




<<<<<<< HEAD
 记录时间：2016-07-15 09:55:06,979 
=======
 记录时间：2016-07-15 11:28:26,672 
>>>>>>> 0457003d8df2f5d70d4c70b2137147d4b20647f0
日志级别：  INFO  
出错类：Himall.PaymentPlugin.PaymentBase`1[T].set_WorkDirectory  
错误描述：set WorkDirectory:Himall.Plugin.Payment.Alipay_QRCode.Service 




<<<<<<< HEAD
 记录时间：2016-07-15 09:55:06,995 
=======
 记录时间：2016-07-15 11:28:26,695 
>>>>>>> 0457003d8df2f5d70d4c70b2137147d4b20647f0
日志级别：  INFO  
出错类：Himall.PaymentPlugin.PaymentBase`1[T].set_WorkDirectory  
错误描述：set WorkDirectory:Himall.Plugin.Payment.UnionPay.UnionPay 




<<<<<<< HEAD
 记录时间：2016-07-15 09:55:07,026 
=======
 记录时间：2016-07-15 11:28:26,717 
>>>>>>> 0457003d8df2f5d70d4c70b2137147d4b20647f0
日志级别：  INFO  
出错类：Himall.PaymentPlugin.PaymentBase`1[T].set_WorkDirectory  
错误描述：set WorkDirectory:Himall.Plugin.Payment.WeiXinPay.Service 




<<<<<<< HEAD
 记录时间：2016-07-15 09:55:07,057 
=======
 记录时间：2016-07-15 11:28:26,744 
>>>>>>> 0457003d8df2f5d70d4c70b2137147d4b20647f0
日志级别：  INFO  
出错类：Himall.PaymentPlugin.PaymentBase`1[T].set_WorkDirectory  
错误描述：set WorkDirectory:Himall.Plugin.Payment.WeiXinPay_Native.WeiXinPay 




<<<<<<< HEAD
 记录时间：2016-07-15 10:20:13,014 
=======
 记录时间：2016-07-15 13:03:29,568 
>>>>>>> 0457003d8df2f5d70d4c70b2137147d4b20647f0
日志级别：  INFO  
出错类：Himall.PaymentPlugin.PaymentBase`1[T].set_WorkDirectory  
错误描述：set WorkDirectory:Himall.Plugin.Payment.Alipay.Service 




<<<<<<< HEAD
 记录时间：2016-07-15 10:20:13,059 
=======
 记录时间：2016-07-15 13:03:29,604 
>>>>>>> 0457003d8df2f5d70d4c70b2137147d4b20647f0
日志级别：  INFO  
出错类：Himall.PaymentPlugin.PaymentBase`1[T].set_WorkDirectory  
错误描述：set WorkDirectory:Himall.Plugin.Payment.Alipay_QRCode.Service 




<<<<<<< HEAD
 记录时间：2016-07-15 10:20:13,069 
=======
 记录时间：2016-07-15 13:03:29,635 
>>>>>>> 0457003d8df2f5d70d4c70b2137147d4b20647f0
日志级别：  INFO  
出错类：Himall.PaymentPlugin.PaymentBase`1[T].set_WorkDirectory  
错误描述：set WorkDirectory:Himall.Plugin.Payment.UnionPay.UnionPay 




<<<<<<< HEAD
 记录时间：2016-07-15 10:20:13,081 
=======
 记录时间：2016-07-15 13:03:29,661 
>>>>>>> 0457003d8df2f5d70d4c70b2137147d4b20647f0
日志级别：  INFO  
出错类：Himall.PaymentPlugin.PaymentBase`1[T].set_WorkDirectory  
错误描述：set WorkDirectory:Himall.Plugin.Payment.WeiXinPay.Service 




<<<<<<< HEAD
 记录时间：2016-07-15 10:20:13,092 
=======
 记录时间：2016-07-15 13:03:29,686 
>>>>>>> 0457003d8df2f5d70d4c70b2137147d4b20647f0
日志级别：  INFO  
出错类：Himall.PaymentPlugin.PaymentBase`1[T].set_WorkDirectory  
错误描述：set WorkDirectory:Himall.Plugin.Payment.WeiXinPay_Native.WeiXinPay 




<<<<<<< HEAD
 记录时间：2016-07-15 13:17:47,892 
=======
 记录时间：2016-07-15 13:14:45,866 
>>>>>>> 0457003d8df2f5d70d4c70b2137147d4b20647f0
日志级别：  INFO  
出错类：Himall.PaymentPlugin.PaymentBase`1[T].set_WorkDirectory  
错误描述：set WorkDirectory:Himall.Plugin.Payment.Alipay.Service 




<<<<<<< HEAD
 记录时间：2016-07-15 13:17:48,103 
=======
 记录时间：2016-07-15 13:14:45,900 
>>>>>>> 0457003d8df2f5d70d4c70b2137147d4b20647f0
日志级别：  INFO  
出错类：Himall.PaymentPlugin.PaymentBase`1[T].set_WorkDirectory  
错误描述：set WorkDirectory:Himall.Plugin.Payment.Alipay_QRCode.Service 




<<<<<<< HEAD
 记录时间：2016-07-15 13:17:48,168 
=======
 记录时间：2016-07-15 13:14:45,924 
>>>>>>> 0457003d8df2f5d70d4c70b2137147d4b20647f0
日志级别：  INFO  
出错类：Himall.PaymentPlugin.PaymentBase`1[T].set_WorkDirectory  
错误描述：set WorkDirectory:Himall.Plugin.Payment.UnionPay.UnionPay 




<<<<<<< HEAD
 记录时间：2016-07-15 13:17:48,179 
=======
 记录时间：2016-07-15 13:14:45,950 
>>>>>>> 0457003d8df2f5d70d4c70b2137147d4b20647f0
日志级别：  INFO  
出错类：Himall.PaymentPlugin.PaymentBase`1[T].set_WorkDirectory  
错误描述：set WorkDirectory:Himall.Plugin.Payment.WeiXinPay.Service 




<<<<<<< HEAD
 记录时间：2016-07-15 13:17:48,196 
=======
 记录时间：2016-07-15 13:14:45,976 
>>>>>>> 0457003d8df2f5d70d4c70b2137147d4b20647f0
日志级别：  INFO  
出错类：Himall.PaymentPlugin.PaymentBase`1[T].set_WorkDirectory  
错误描述：set WorkDirectory:Himall.Plugin.Payment.WeiXinPay_Native.WeiXinPay 




<<<<<<< HEAD
 记录时间：2016-07-15 13:22:43,679 
日志级别：  INFO  
出错类：Himall.PaymentPlugin.PaymentBase`1[T].set_WorkDirectory  
错误描述：set WorkDirectory:Himall.Plugin.Payment.Alipay.Service 




 记录时间：2016-07-15 13:22:43,706 
日志级别：  INFO  
出错类：Himall.PaymentPlugin.PaymentBase`1[T].set_WorkDirectory  
错误描述：set WorkDirectory:Himall.Plugin.Payment.Alipay_QRCode.Service 




 记录时间：2016-07-15 13:22:43,717 
日志级别：  INFO  
出错类：Himall.PaymentPlugin.PaymentBase`1[T].set_WorkDirectory  
错误描述：set WorkDirectory:Himall.Plugin.Payment.UnionPay.UnionPay 




 记录时间：2016-07-15 13:22:43,733 
日志级别：  INFO  
出错类：Himall.PaymentPlugin.PaymentBase`1[T].set_WorkDirectory  
错误描述：set WorkDirectory:Himall.Plugin.Payment.WeiXinPay.Service 




 记录时间：2016-07-15 13:22:43,746 
日志级别：  INFO  
出错类：Himall.PaymentPlugin.PaymentBase`1[T].set_WorkDirectory  
错误描述：set WorkDirectory:Himall.Plugin.Payment.WeiXinPay_Native.WeiXinPay 




 记录时间：2016-07-15 13:25:26,877 
=======
 记录时间：2016-07-15 13:14:46,967 
日志级别：  INFO  
出错类：Himall.ServiceProvider.Instance`1[T].get_Create  
错误描述：ISiteSettingService服务实例创建失败 

System.ApplicationException: 未配置Himall.IServices.ISiteSettingService的实现
   在 Himall.ServiceProvider.Instance`1.get_Create() 位置 d:\MyGit\源码\Himall.ServiceProvider\Instance_T_.cs:行号 51



 记录时间：2016-07-15 13:14:58,570 
>>>>>>> 0457003d8df2f5d70d4c70b2137147d4b20647f0
日志级别：  INFO  
出错类：Himall.PaymentPlugin.PaymentBase`1[T].set_WorkDirectory  
错误描述：set WorkDirectory:Himall.Plugin.Payment.Alipay.Service 




<<<<<<< HEAD
 记录时间：2016-07-15 13:25:26,899 
=======
 记录时间：2016-07-15 13:14:58,603 
>>>>>>> 0457003d8df2f5d70d4c70b2137147d4b20647f0
日志级别：  INFO  
出错类：Himall.PaymentPlugin.PaymentBase`1[T].set_WorkDirectory  
错误描述：set WorkDirectory:Himall.Plugin.Payment.Alipay_QRCode.Service 




<<<<<<< HEAD
 记录时间：2016-07-15 13:25:26,915 
=======
 记录时间：2016-07-15 13:14:58,628 
>>>>>>> 0457003d8df2f5d70d4c70b2137147d4b20647f0
日志级别：  INFO  
出错类：Himall.PaymentPlugin.PaymentBase`1[T].set_WorkDirectory  
错误描述：set WorkDirectory:Himall.Plugin.Payment.UnionPay.UnionPay 




<<<<<<< HEAD
 记录时间：2016-07-15 13:25:26,930 
=======
 记录时间：2016-07-15 13:14:58,654 
>>>>>>> 0457003d8df2f5d70d4c70b2137147d4b20647f0
日志级别：  INFO  
出错类：Himall.PaymentPlugin.PaymentBase`1[T].set_WorkDirectory  
错误描述：set WorkDirectory:Himall.Plugin.Payment.WeiXinPay.Service 




<<<<<<< HEAD
 记录时间：2016-07-15 13:25:26,946 
=======
 记录时间：2016-07-15 13:14:58,684 
>>>>>>> 0457003d8df2f5d70d4c70b2137147d4b20647f0
日志级别：  INFO  
出错类：Himall.PaymentPlugin.PaymentBase`1[T].set_WorkDirectory  
错误描述：set WorkDirectory:Himall.Plugin.Payment.WeiXinPay_Native.WeiXinPay 




<<<<<<< HEAD
 记录时间：2016-07-15 15:10:18,133 
日志级别：  INFO  
出错类：Himall.PaymentPlugin.PaymentBase`1[T].set_WorkDirectory  
错误描述：set WorkDirectory:Himall.Plugin.Payment.Alipay.Service 




 记录时间：2016-07-15 15:10:18,155 
日志级别：  INFO  
出错类：Himall.PaymentPlugin.PaymentBase`1[T].set_WorkDirectory  
错误描述：set WorkDirectory:Himall.Plugin.Payment.Alipay_QRCode.Service 




 记录时间：2016-07-15 15:10:18,167 
日志级别：  INFO  
出错类：Himall.PaymentPlugin.PaymentBase`1[T].set_WorkDirectory  
错误描述：set WorkDirectory:Himall.Plugin.Payment.UnionPay.UnionPay 




 记录时间：2016-07-15 15:10:18,182 
日志级别：  INFO  
出错类：Himall.PaymentPlugin.PaymentBase`1[T].set_WorkDirectory  
错误描述：set WorkDirectory:Himall.Plugin.Payment.WeiXinPay.Service 




 记录时间：2016-07-15 15:10:18,198 
日志级别：  INFO  
出错类：Himall.PaymentPlugin.PaymentBase`1[T].set_WorkDirectory  
错误描述：set WorkDirectory:Himall.Plugin.Payment.WeiXinPay_Native.WeiXinPay 




 记录时间：2016-07-15 15:24:44,656 
=======
 记录时间：2016-07-15 13:14:59,750 
日志级别：  INFO  
出错类：Himall.ServiceProvider.Instance`1[T].get_Create  
错误描述：ISiteSettingService服务实例创建失败 

System.ApplicationException: 未配置Himall.IServices.ISiteSettingService的实现
   在 Himall.ServiceProvider.Instance`1.get_Create() 位置 d:\MyGit\源码\Himall.ServiceProvider\Instance_T_.cs:行号 51



 记录时间：2016-07-15 13:15:09,585 
>>>>>>> 0457003d8df2f5d70d4c70b2137147d4b20647f0
日志级别：  INFO  
出错类：Himall.PaymentPlugin.PaymentBase`1[T].set_WorkDirectory  
错误描述：set WorkDirectory:Himall.Plugin.Payment.Alipay.Service 




<<<<<<< HEAD
 记录时间：2016-07-15 15:24:44,676 
=======
 记录时间：2016-07-15 13:15:09,615 
>>>>>>> 0457003d8df2f5d70d4c70b2137147d4b20647f0
日志级别：  INFO  
出错类：Himall.PaymentPlugin.PaymentBase`1[T].set_WorkDirectory  
错误描述：set WorkDirectory:Himall.Plugin.Payment.Alipay_QRCode.Service 




<<<<<<< HEAD
 记录时间：2016-07-15 15:24:44,689 
=======
 记录时间：2016-07-15 13:15:09,641 
>>>>>>> 0457003d8df2f5d70d4c70b2137147d4b20647f0
日志级别：  INFO  
出错类：Himall.PaymentPlugin.PaymentBase`1[T].set_WorkDirectory  
错误描述：set WorkDirectory:Himall.Plugin.Payment.UnionPay.UnionPay 




<<<<<<< HEAD
 记录时间：2016-07-15 15:24:44,707 
=======
 记录时间：2016-07-15 13:15:09,665 
>>>>>>> 0457003d8df2f5d70d4c70b2137147d4b20647f0
日志级别：  INFO  
出错类：Himall.PaymentPlugin.PaymentBase`1[T].set_WorkDirectory  
错误描述：set WorkDirectory:Himall.Plugin.Payment.WeiXinPay.Service 




<<<<<<< HEAD
 记录时间：2016-07-15 15:24:44,723 
=======
 记录时间：2016-07-15 13:15:09,689 
>>>>>>> 0457003d8df2f5d70d4c70b2137147d4b20647f0
日志级别：  INFO  
出错类：Himall.PaymentPlugin.PaymentBase`1[T].set_WorkDirectory  
错误描述：set WorkDirectory:Himall.Plugin.Payment.WeiXinPay_Native.WeiXinPay 




<<<<<<< HEAD
 记录时间：2016-07-15 15:28:50,301 
日志级别：  INFO  
出错类：Himall.PaymentPlugin.PaymentBase`1[T].set_WorkDirectory  
错误描述：set WorkDirectory:Himall.Plugin.Payment.Alipay.Service 




 记录时间：2016-07-15 15:28:50,322 
日志级别：  INFO  
出错类：Himall.PaymentPlugin.PaymentBase`1[T].set_WorkDirectory  
错误描述：set WorkDirectory:Himall.Plugin.Payment.Alipay_QRCode.Service 




 记录时间：2016-07-15 15:28:50,333 
日志级别：  INFO  
出错类：Himall.PaymentPlugin.PaymentBase`1[T].set_WorkDirectory  
错误描述：set WorkDirectory:Himall.Plugin.Payment.UnionPay.UnionPay 




 记录时间：2016-07-15 15:28:50,345 
日志级别：  INFO  
出错类：Himall.PaymentPlugin.PaymentBase`1[T].set_WorkDirectory  
错误描述：set WorkDirectory:Himall.Plugin.Payment.WeiXinPay.Service 




 记录时间：2016-07-15 15:28:50,358 
日志级别：  INFO  
出错类：Himall.PaymentPlugin.PaymentBase`1[T].set_WorkDirectory  
错误描述：set WorkDirectory:Himall.Plugin.Payment.WeiXinPay_Native.WeiXinPay 




 记录时间：2016-07-15 18:04:17,751 
=======
 记录时间：2016-07-15 13:15:10,735 
日志级别：  INFO  
出错类：Himall.ServiceProvider.Instance`1[T].get_Create  
错误描述：ISiteSettingService服务实例创建失败 

System.ApplicationException: 未配置Himall.IServices.ISiteSettingService的实现
   在 Himall.ServiceProvider.Instance`1.get_Create() 位置 d:\MyGit\源码\Himall.ServiceProvider\Instance_T_.cs:行号 51



 记录时间：2016-07-15 13:15:42,423 
>>>>>>> 0457003d8df2f5d70d4c70b2137147d4b20647f0
日志级别：  INFO  
出错类：Himall.PaymentPlugin.PaymentBase`1[T].set_WorkDirectory  
错误描述：set WorkDirectory:Himall.Plugin.Payment.Alipay.Service 




<<<<<<< HEAD
 记录时间：2016-07-15 18:04:17,797 
=======
 记录时间：2016-07-15 13:15:42,457 
>>>>>>> 0457003d8df2f5d70d4c70b2137147d4b20647f0
日志级别：  INFO  
出错类：Himall.PaymentPlugin.PaymentBase`1[T].set_WorkDirectory  
错误描述：set WorkDirectory:Himall.Plugin.Payment.Alipay_QRCode.Service 




<<<<<<< HEAD
 记录时间：2016-07-15 18:04:17,813 
=======
 记录时间：2016-07-15 13:15:42,486 
>>>>>>> 0457003d8df2f5d70d4c70b2137147d4b20647f0
日志级别：  INFO  
出错类：Himall.PaymentPlugin.PaymentBase`1[T].set_WorkDirectory  
错误描述：set WorkDirectory:Himall.Plugin.Payment.UnionPay.UnionPay 




<<<<<<< HEAD
 记录时间：2016-07-15 18:04:17,813 
=======
 记录时间：2016-07-15 13:15:42,515 
>>>>>>> 0457003d8df2f5d70d4c70b2137147d4b20647f0
日志级别：  INFO  
出错类：Himall.PaymentPlugin.PaymentBase`1[T].set_WorkDirectory  
错误描述：set WorkDirectory:Himall.Plugin.Payment.WeiXinPay.Service 




<<<<<<< HEAD
 记录时间：2016-07-15 18:04:17,844 
=======
 记录时间：2016-07-15 13:15:42,546 
>>>>>>> 0457003d8df2f5d70d4c70b2137147d4b20647f0
日志级别：  INFO  
出错类：Himall.PaymentPlugin.PaymentBase`1[T].set_WorkDirectory  
错误描述：set WorkDirectory:Himall.Plugin.Payment.WeiXinPay_Native.WeiXinPay 




<<<<<<< HEAD
 记录时间：2016-07-15 18:12:46,399 
=======
 记录时间：2016-07-15 13:49:01,307 
>>>>>>> 0457003d8df2f5d70d4c70b2137147d4b20647f0
日志级别：  INFO  
出错类：Himall.PaymentPlugin.PaymentBase`1[T].set_WorkDirectory  
错误描述：set WorkDirectory:Himall.Plugin.Payment.Alipay.Service 




<<<<<<< HEAD
 记录时间：2016-07-15 18:12:46,681 
=======
 记录时间：2016-07-15 13:49:01,342 
>>>>>>> 0457003d8df2f5d70d4c70b2137147d4b20647f0
日志级别：  INFO  
出错类：Himall.PaymentPlugin.PaymentBase`1[T].set_WorkDirectory  
错误描述：set WorkDirectory:Himall.Plugin.Payment.Alipay_QRCode.Service 




<<<<<<< HEAD
 记录时间：2016-07-15 18:12:46,681 
=======
 记录时间：2016-07-15 13:49:01,371 
>>>>>>> 0457003d8df2f5d70d4c70b2137147d4b20647f0
日志级别：  INFO  
出错类：Himall.PaymentPlugin.PaymentBase`1[T].set_WorkDirectory  
错误描述：set WorkDirectory:Himall.Plugin.Payment.UnionPay.UnionPay 




<<<<<<< HEAD
 记录时间：2016-07-15 18:12:46,696 
=======
 记录时间：2016-07-15 13:49:01,403 
>>>>>>> 0457003d8df2f5d70d4c70b2137147d4b20647f0
日志级别：  INFO  
出错类：Himall.PaymentPlugin.PaymentBase`1[T].set_WorkDirectory  
错误描述：set WorkDirectory:Himall.Plugin.Payment.WeiXinPay.Service 




<<<<<<< HEAD
 记录时间：2016-07-15 18:12:46,712 
=======
 记录时间：2016-07-15 13:49:01,426 
>>>>>>> 0457003d8df2f5d70d4c70b2137147d4b20647f0
日志级别：  INFO  
出错类：Himall.PaymentPlugin.PaymentBase`1[T].set_WorkDirectory  
错误描述：set WorkDirectory:Himall.Plugin.Payment.WeiXinPay_Native.WeiXinPay 




<<<<<<< HEAD
 记录时间：2016-07-15 18:27:24,722 
=======
 记录时间：2016-07-15 13:55:40,675 
>>>>>>> 0457003d8df2f5d70d4c70b2137147d4b20647f0
日志级别：  INFO  
出错类：Himall.PaymentPlugin.PaymentBase`1[T].set_WorkDirectory  
错误描述：set WorkDirectory:Himall.Plugin.Payment.Alipay.Service 




<<<<<<< HEAD
 记录时间：2016-07-15 18:27:24,773 
=======
 记录时间：2016-07-15 13:55:40,708 
>>>>>>> 0457003d8df2f5d70d4c70b2137147d4b20647f0
日志级别：  INFO  
出错类：Himall.PaymentPlugin.PaymentBase`1[T].set_WorkDirectory  
错误描述：set WorkDirectory:Himall.Plugin.Payment.Alipay_QRCode.Service 




<<<<<<< HEAD
 记录时间：2016-07-15 18:27:24,834 
=======
 记录时间：2016-07-15 13:55:40,725 
>>>>>>> 0457003d8df2f5d70d4c70b2137147d4b20647f0
日志级别：  INFO  
出错类：Himall.PaymentPlugin.PaymentBase`1[T].set_WorkDirectory  
错误描述：set WorkDirectory:Himall.Plugin.Payment.UnionPay.UnionPay 




<<<<<<< HEAD
 记录时间：2016-07-15 18:27:24,850 
=======
 记录时间：2016-07-15 13:55:40,743 
>>>>>>> 0457003d8df2f5d70d4c70b2137147d4b20647f0
日志级别：  INFO  
出错类：Himall.PaymentPlugin.PaymentBase`1[T].set_WorkDirectory  
错误描述：set WorkDirectory:Himall.Plugin.Payment.WeiXinPay.Service 




<<<<<<< HEAD
 记录时间：2016-07-15 18:27:24,930 
=======
 记录时间：2016-07-15 13:55:40,762 
>>>>>>> 0457003d8df2f5d70d4c70b2137147d4b20647f0
日志级别：  INFO  
出错类：Himall.PaymentPlugin.PaymentBase`1[T].set_WorkDirectory  
错误描述：set WorkDirectory:Himall.Plugin.Payment.WeiXinPay_Native.WeiXinPay 

