


 记录时间：2016-07-20 09:58:56,204 
日志级别：  ERROR 
出错类：Himall.Web.Areas.SellerAdmin.Controllers.ProductController.SaveProductDetail  
错误描述：发布商品时候，没有找到文件 

System.IO.FileNotFoundException: C:\Project\Haicainew\源码\Himall.Web\3.png
   在 System.Drawing.Image.FromFile(String filename, Boolean useEmbeddedColorManagement)
   在 System.Drawing.Image.FromFile(String filename)
   在 Himall.Web.Areas.SellerAdmin.Controllers.ProductController.SaveProductDetail(String productDetail) 位置 C:\Project\Haicainew\源码\Himall.Web\Areas\SellerAdmin\Controllers\ProductController.cs:行号 1271



 记录时间：2016-07-20 09:58:58,715 
日志级别：  ERROR 
出错类：Himall.Web.Areas.SellerAdmin.Controllers.ProductController.SaveProductDetail  
错误描述：发布商品时候，没有找到文件 

System.IO.FileNotFoundException: C:\Project\Haicainew\源码\Himall.Web\4.png
   在 System.Drawing.Image.FromFile(String filename, Boolean useEmbeddedColorManagement)
   在 System.Drawing.Image.FromFile(String filename)
   在 Himall.Web.Areas.SellerAdmin.Controllers.ProductController.SaveProductDetail(String productDetail) 位置 C:\Project\Haicainew\源码\Himall.Web\Areas\SellerAdmin\Controllers\ProductController.cs:行号 1271



 记录时间：2016-07-20 09:58:59,439 
日志级别：  ERROR 
出错类：Himall.Web.Areas.SellerAdmin.Controllers.ProductController.SaveProductDetail  
错误描述：发布商品时候，没有找到文件 

System.IO.FileNotFoundException: C:\Project\Haicainew\源码\Himall.Web\5.png
   在 System.Drawing.Image.FromFile(String filename, Boolean useEmbeddedColorManagement)
   在 System.Drawing.Image.FromFile(String filename)
   在 Himall.Web.Areas.SellerAdmin.Controllers.ProductController.SaveProductDetail(String productDetail) 位置 C:\Project\Haicainew\源码\Himall.Web\Areas\SellerAdmin\Controllers\ProductController.cs:行号 1271



 记录时间：2016-07-20 10:38:01,185 
日志级别：  ERROR 
出错类：Himall.Web.Areas.SellerAdmin.Controllers.ProductController.SaveProductDetail  
错误描述：发布商品时候，没有找到文件 

System.IO.FileNotFoundException: C:\Project\Haicainew\源码\Himall.Web\3.png
   在 System.Drawing.Image.FromFile(String filename, Boolean useEmbeddedColorManagement)
   在 System.Drawing.Image.FromFile(String filename)
   在 Himall.Web.Areas.SellerAdmin.Controllers.ProductController.SaveProductDetail(String productDetail) 位置 C:\Project\Haicainew\源码\Himall.Web\Areas\SellerAdmin\Controllers\ProductController.cs:行号 1271



 记录时间：2016-07-20 10:38:11,381 
日志级别：  ERROR 
出错类：Himall.Web.Areas.SellerAdmin.Controllers.ProductController.SaveProductDetail  
错误描述：发布商品时候，没有找到文件 

System.IO.FileNotFoundException: C:\Project\Haicainew\源码\Himall.Web\4.png
   在 System.Drawing.Image.FromFile(String filename, Boolean useEmbeddedColorManagement)
   在 System.Drawing.Image.FromFile(String filename)
   在 Himall.Web.Areas.SellerAdmin.Controllers.ProductController.SaveProductDetail(String productDetail) 位置 C:\Project\Haicainew\源码\Himall.Web\Areas\SellerAdmin\Controllers\ProductController.cs:行号 1271



 记录时间：2016-07-20 10:38:14,356 
日志级别：  ERROR 
出错类：Himall.Web.Areas.SellerAdmin.Controllers.ProductController.SaveProductDetail  
错误描述：发布商品时候，没有找到文件 

System.IO.FileNotFoundException: C:\Project\Haicainew\源码\Himall.Web\5.png
   在 System.Drawing.Image.FromFile(String filename, Boolean useEmbeddedColorManagement)
   在 System.Drawing.Image.FromFile(String filename)
   在 Himall.Web.Areas.SellerAdmin.Controllers.ProductController.SaveProductDetail(String productDetail) 位置 C:\Project\Haicainew\源码\Himall.Web\Areas\SellerAdmin\Controllers\ProductController.cs:行号 1271



 记录时间：2016-07-20 15:42:10,669 
日志级别：  ERROR 
出错类：Himall.Web.Areas.SellerAdmin.Controllers.ProductController.SaveProductDetail  
错误描述：发布商品时候，没有找到文件 

System.IO.FileNotFoundException: C:\Project\Haicainew\源码\Himall.Web\3.png
   在 System.Drawing.Image.FromFile(String filename, Boolean useEmbeddedColorManagement)
   在 System.Drawing.Image.FromFile(String filename)
   在 Himall.Web.Areas.SellerAdmin.Controllers.ProductController.SaveProductDetail(String productDetail) 位置 C:\Project\Haicainew\源码\Himall.Web\Areas\SellerAdmin\Controllers\ProductController.cs:行号 1271



 记录时间：2016-07-20 15:42:17,041 
日志级别：  ERROR 
出错类：Himall.Web.Areas.SellerAdmin.Controllers.ProductController.SaveProductDetail  
错误描述：发布商品时候，没有找到文件 

System.IO.FileNotFoundException: C:\Project\Haicainew\源码\Himall.Web\4.png
   在 System.Drawing.Image.FromFile(String filename, Boolean useEmbeddedColorManagement)
   在 System.Drawing.Image.FromFile(String filename)
   在 Himall.Web.Areas.SellerAdmin.Controllers.ProductController.SaveProductDetail(String productDetail) 位置 C:\Project\Haicainew\源码\Himall.Web\Areas\SellerAdmin\Controllers\ProductController.cs:行号 1271



 记录时间：2016-07-20 15:42:21,437 
日志级别：  ERROR 
出错类：Himall.Web.Areas.SellerAdmin.Controllers.ProductController.SaveProductDetail  
错误描述：发布商品时候，没有找到文件 

System.IO.FileNotFoundException: C:\Project\Haicainew\源码\Himall.Web\5.png
   在 System.Drawing.Image.FromFile(String filename, Boolean useEmbeddedColorManagement)
   在 System.Drawing.Image.FromFile(String filename)
   在 Himall.Web.Areas.SellerAdmin.Controllers.ProductController.SaveProductDetail(String productDetail) 位置 C:\Project\Haicainew\源码\Himall.Web\Areas\SellerAdmin\Controllers\ProductController.cs:行号 1271



 记录时间：2016-07-20 21:33:36,775 
日志级别：  ERROR 
出错类：Himall.Web.Areas.SellerAdmin.Controllers.ProductController.SaveProductDetail  
错误描述：发布商品时候，没有找到文件 

System.IO.FileNotFoundException: C:\Project\Haicainew\源码\Himall.Web\3.png
   在 System.Drawing.Image.FromFile(String filename, Boolean useEmbeddedColorManagement)
   在 System.Drawing.Image.FromFile(String filename)
   在 Himall.Web.Areas.SellerAdmin.Controllers.ProductController.SaveProductDetail(String productDetail) 位置 C:\Project\Haicainew\源码\Himall.Web\Areas\SellerAdmin\Controllers\ProductController.cs:行号 1271



 记录时间：2016-07-20 21:33:38,056 
日志级别：  ERROR 
出错类：Himall.Web.Areas.SellerAdmin.Controllers.ProductController.SaveProductDetail  
错误描述：发布商品时候，没有找到文件 

System.IO.FileNotFoundException: C:\Project\Haicainew\源码\Himall.Web\4.png
   在 System.Drawing.Image.FromFile(String filename, Boolean useEmbeddedColorManagement)
   在 System.Drawing.Image.FromFile(String filename)
   在 Himall.Web.Areas.SellerAdmin.Controllers.ProductController.SaveProductDetail(String productDetail) 位置 C:\Project\Haicainew\源码\Himall.Web\Areas\SellerAdmin\Controllers\ProductController.cs:行号 1271



 记录时间：2016-07-20 21:33:40,010 
日志级别：  ERROR 
出错类：Himall.Web.Areas.SellerAdmin.Controllers.ProductController.SaveProductDetail  
错误描述：发布商品时候，没有找到文件 

System.IO.FileNotFoundException: C:\Project\Haicainew\源码\Himall.Web\5.png
   在 System.Drawing.Image.FromFile(String filename, Boolean useEmbeddedColorManagement)
   在 System.Drawing.Image.FromFile(String filename)
   在 Himall.Web.Areas.SellerAdmin.Controllers.ProductController.SaveProductDetail(String productDetail) 位置 C:\Project\Haicainew\源码\Himall.Web\Areas\SellerAdmin\Controllers\ProductController.cs:行号 1271
