


 记录时间：2016-07-26 10:38:33,504 
日志级别：  ERROR 
出错类：Himall.Web.Areas.Web.Controllers.OrderController+<>c__DisplayClass12_0.<Pay>b__6  
错误描述：支付页面加载支付插件出错 

Himall.Core.PluginConfigException: 生成二维码出现异常:生成二维码出现异常:ILLEGAL_PARTNER_EXTERFACE
   在 Himall.Plugin.Payment.Alipay_QRCode.Service.GetRequestUrl(String returnUrl, String notifyUrl, String orderId, Decimal totalFee, String productInfo, String openId)
   在 Himall.Web.Areas.Web.Controllers.OrderController.<>c__DisplayClass12_0.<Pay>b__6(Plugin`1 item) 位置 E:\MyGit\源码\Himall.Web\Areas\Web\Controllers\OrderController.cs:行号 482



 记录时间：2016-07-26 11:00:32,357 
日志级别：  ERROR 
出错类：Himall.Web.Framework.BaseController.OnException  
错误描述：页面未捕获的异常：Area:Web,Controller:Product,Action:Detail 

Microsoft.CSharp.RuntimeBinder.RuntimeBinderException: 无法将类型“string”隐式转换为“int”
   在 CallSite.Target(Closure , CallSite , Object )
   在 System.Dynamic.UpdateDelegates.UpdateAndExecute1[T0,TRet](CallSite site, T0 arg0)
   在 ASP._Page_Areas_Web_Views_Product_Detail_cshtml.Execute() 位置 E:\MyGit\源码\Himall.Web\Areas\Web\Views\Product\Detail.cshtml:行号 169
   在 System.Web.WebPages.WebPageBase.ExecutePageHierarchy()
   在 System.Web.Mvc.WebViewPage.ExecutePageHierarchy()
   在 System.Web.WebPages.StartPage.RunPage()
   在 System.Web.WebPages.StartPage.ExecutePageHierarchy()
   在 System.Web.WebPages.WebPageBase.ExecutePageHierarchy(WebPageContext pageContext, TextWriter writer, WebPageRenderingBase startPage)
   在 System.Web.Mvc.RazorView.RenderView(ViewContext viewContext, TextWriter writer, Object instance)
   在 System.Web.Mvc.BuildManagerCompiledView.Render(ViewContext viewContext, TextWriter writer)
   在 System.Web.Mvc.ViewResultBase.ExecuteResult(ControllerContext context)
   在 System.Web.Mvc.ControllerActionInvoker.InvokeActionResult(ControllerContext controllerContext, ActionResult actionResult)
   在 System.Web.Mvc.ControllerActionInvoker.InvokeActionResultFilterRecursive(IList`1 filters, Int32 filterIndex, ResultExecutingContext preContext, ControllerContext controllerContext, ActionResult actionResult)
   在 System.Web.Mvc.ControllerActionInvoker.InvokeActionResultFilterRecursive(IList`1 filters, Int32 filterIndex, ResultExecutingContext preContext, ControllerContext controllerContext, ActionResult actionResult)
   在 System.Web.Mvc.ControllerActionInvoker.InvokeActionResultFilterRecursive(IList`1 filters, Int32 filterIndex, ResultExecutingContext preContext, ControllerContext controllerContext, ActionResult actionResult)
   在 System.Web.Mvc.ControllerActionInvoker.InvokeActionResultWithFilters(ControllerContext controllerContext, IList`1 filters, ActionResult actionResult)
   在 System.Web.Mvc.Async.AsyncControllerActionInvoker.<>c__DisplayClass21.<>c__DisplayClass2b.<BeginInvokeAction>b__1c()
   在 System.Web.Mvc.Async.AsyncControllerActionInvoker.<>c__DisplayClass21.<BeginInvokeAction>b__1e(IAsyncResult asyncResult)



 记录时间：2016-07-26 11:01:20,749 
日志级别：  ERROR 
出错类：Himall.Web.Framework.BaseController.OnException  
错误描述：页面未捕获的异常：Area:Web,Controller:Product,Action:Detail 

System.Web.HttpCompileException (0x80004005): E:\MyGit\源码\Himall.Web\Areas\Web\Views\Product\Detail.cshtml(169): error CS1525: Invalid expression term 'int'
   在 System.Web.Compilation.AssemblyBuilder.Compile()
   在 System.Web.Compilation.BuildProvidersCompiler.PerformBuild()
   在 System.Web.Compilation.BuildManager.CompileWebFile(VirtualPath virtualPath)
   在 System.Web.Compilation.BuildManager.GetVPathBuildResultInternal(VirtualPath virtualPath, Boolean noBuild, Boolean allowCrossApp, Boolean allowBuildInPrecompile, Boolean throwIfNotFound, Boolean ensureIsUpToDate)
   在 System.Web.Compilation.BuildManager.GetVPathBuildResultWithNoAssert(HttpContext context, VirtualPath virtualPath, Boolean noBuild, Boolean allowCrossApp, Boolean allowBuildInPrecompile, Boolean throwIfNotFound, Boolean ensureIsUpToDate)
   在 System.Web.Compilation.BuildManager.GetVirtualPathObjectFactory(VirtualPath virtualPath, HttpContext context, Boolean allowCrossApp, Boolean throwIfNotFound)
   在 System.Web.Compilation.BuildManager.GetCompiledType(VirtualPath virtualPath)
   在 System.Web.Compilation.BuildManager.GetCompiledType(String virtualPath)
   在 System.Web.Mvc.BuildManagerWrapper.System.Web.Mvc.IBuildManager.GetCompiledType(String virtualPath)
   在 System.Web.Mvc.BuildManagerCompiledView.Render(ViewContext viewContext, TextWriter writer)
   在 System.Web.Mvc.ViewResultBase.ExecuteResult(ControllerContext context)
   在 System.Web.Mvc.ControllerActionInvoker.InvokeActionResult(ControllerContext controllerContext, ActionResult actionResult)
   在 System.Web.Mvc.ControllerActionInvoker.InvokeActionResultFilterRecursive(IList`1 filters, Int32 filterIndex, ResultExecutingContext preContext, ControllerContext controllerContext, ActionResult actionResult)
   在 System.Web.Mvc.ControllerActionInvoker.InvokeActionResultFilterRecursive(IList`1 filters, Int32 filterIndex, ResultExecutingContext preContext, ControllerContext controllerContext, ActionResult actionResult)
   在 System.Web.Mvc.ControllerActionInvoker.InvokeActionResultFilterRecursive(IList`1 filters, Int32 filterIndex, ResultExecutingContext preContext, ControllerContext controllerContext, ActionResult actionResult)
   在 System.Web.Mvc.ControllerActionInvoker.InvokeActionResultWithFilters(ControllerContext controllerContext, IList`1 filters, ActionResult actionResult)
   在 System.Web.Mvc.Async.AsyncControllerActionInvoker.<>c__DisplayClass21.<>c__DisplayClass2b.<BeginInvokeAction>b__1c()
   在 System.Web.Mvc.Async.AsyncControllerActionInvoker.<>c__DisplayClass21.<BeginInvokeAction>b__1e(IAsyncResult asyncResult)



 记录时间：2016-07-26 14:01:41,579 
日志级别：  ERROR 
出错类：Himall.Web.Areas.Web.Controllers.OrderController+<>c__DisplayClass12_0.<Pay>b__6  
错误描述：支付页面加载支付插件出错 

Himall.Core.PluginConfigException: 生成二维码出现异常:生成二维码出现异常:ILLEGAL_PARTNER_EXTERFACE
   在 Himall.Plugin.Payment.Alipay_QRCode.Service.GetRequestUrl(String returnUrl, String notifyUrl, String orderId, Decimal totalFee, String productInfo, String openId)
   在 Himall.Web.Areas.Web.Controllers.OrderController.<>c__DisplayClass12_0.<Pay>b__6(Plugin`1 item) 位置 E:\MyGit\源码\Himall.Web\Areas\Web\Controllers\OrderController.cs:行号 482



 记录时间：2016-07-26 14:04:57,618 
日志级别：  ERROR 
出错类：Himall.Web.Areas.Web.Controllers.OrderController+<>c__DisplayClass12_0.<Pay>b__6  
错误描述：支付页面加载支付插件出错 

Himall.Core.PluginConfigException: 生成二维码出现异常:生成二维码出现异常:ILLEGAL_PARTNER_EXTERFACE
   在 Himall.Plugin.Payment.Alipay_QRCode.Service.GetRequestUrl(String returnUrl, String notifyUrl, String orderId, Decimal totalFee, String productInfo, String openId)
   在 Himall.Web.Areas.Web.Controllers.OrderController.<>c__DisplayClass12_0.<Pay>b__6(Plugin`1 item) 位置 E:\MyGit\源码\Himall.Web\Areas\Web\Controllers\OrderController.cs:行号 482



 记录时间：2016-07-26 14:18:20,033 
日志级别：  ERROR 
出错类：Himall.Web.Areas.Web.Controllers.OrderController+<>c__DisplayClass12_0.<Pay>b__6  
错误描述：支付页面加载支付插件出错 

Himall.Core.PluginConfigException: 生成二维码出现异常:生成二维码出现异常:ILLEGAL_PARTNER_EXTERFACE
   在 Himall.Plugin.Payment.Alipay_QRCode.Service.GetRequestUrl(String returnUrl, String notifyUrl, String orderId, Decimal totalFee, String productInfo, String openId)
   在 Himall.Web.Areas.Web.Controllers.OrderController.<>c__DisplayClass12_0.<Pay>b__6(Plugin`1 item) 位置 E:\MyGit\源码\Himall.Web\Areas\Web\Controllers\OrderController.cs:行号 482



 记录时间：2016-07-26 14:24:15,633 
日志级别：  ERROR 
出错类：Himall.Web.Areas.Web.Controllers.OrderController+<>c__DisplayClass12_0.<Pay>b__6  
错误描述：支付页面加载支付插件出错 

Himall.Core.PluginConfigException: 生成二维码出现异常:生成二维码出现异常:ILLEGAL_PARTNER_EXTERFACE
   在 Himall.Plugin.Payment.Alipay_QRCode.Service.GetRequestUrl(String returnUrl, String notifyUrl, String orderId, Decimal totalFee, String productInfo, String openId)
   在 Himall.Web.Areas.Web.Controllers.OrderController.<>c__DisplayClass12_0.<Pay>b__6(Plugin`1 item) 位置 E:\MyGit\源码\Himall.Web\Areas\Web\Controllers\OrderController.cs:行号 482



 记录时间：2016-07-26 14:38:03,938 
日志级别：  ERROR 
出错类：Himall.Web.Areas.Web.Controllers.OrderController+<>c__DisplayClass12_0.<Pay>b__6  
错误描述：支付页面加载支付插件出错 

Himall.Core.PluginConfigException: 生成二维码出现异常:生成二维码出现异常:ILLEGAL_PARTNER_EXTERFACE
   在 Himall.Plugin.Payment.Alipay_QRCode.Service.GetRequestUrl(String returnUrl, String notifyUrl, String orderId, Decimal totalFee, String productInfo, String openId)
   在 Himall.Web.Areas.Web.Controllers.OrderController.<>c__DisplayClass12_0.<Pay>b__6(Plugin`1 item) 位置 E:\MyGit\源码\Himall.Web\Areas\Web\Controllers\OrderController.cs:行号 482



 记录时间：2016-07-26 14:38:04,883 
日志级别：  ERROR 
出错类：Himall.Web.Areas.Web.Controllers.OrderController+<>c__DisplayClass12_0.<Pay>b__6  
错误描述：支付页面加载支付插件出错 

Himall.Core.Plugins.PluginException: 调用统一支付接口(Native)时,接口返回异常:该订单已支付
   在 Himall.Plugin.Payment.WeiXinPay_Native.WeiXinPay.GetRequestUrl(String returnUrl, String notifyUrl, String orderId, Decimal totalFee, String productInfo, String openId)
   在 Himall.Web.Areas.Web.Controllers.OrderController.<>c__DisplayClass12_0.<Pay>b__6(Plugin`1 item) 位置 E:\MyGit\源码\Himall.Web\Areas\Web\Controllers\OrderController.cs:行号 482



 记录时间：2016-07-26 14:56:52,725 
日志级别：  ERROR 
出错类：Himall.Web.Areas.Web.Controllers.OrderController+<>c__DisplayClass12_0.<Pay>b__6  
错误描述：支付页面加载支付插件出错 

Himall.Core.PluginConfigException: 生成二维码出现异常:生成二维码出现异常:ILLEGAL_PARTNER_EXTERFACE
   在 Himall.Plugin.Payment.Alipay_QRCode.Service.GetRequestUrl(String returnUrl, String notifyUrl, String orderId, Decimal totalFee, String productInfo, String openId)
   在 Himall.Web.Areas.Web.Controllers.OrderController.<>c__DisplayClass12_0.<Pay>b__6(Plugin`1 item) 位置 E:\MyGit\源码\Himall.Web\Areas\Web\Controllers\OrderController.cs:行号 482



 记录时间：2016-07-26 14:56:53,269 
日志级别：  ERROR 
出错类：Himall.Web.Areas.Web.Controllers.OrderController+<>c__DisplayClass12_0.<Pay>b__6  
错误描述：支付页面加载支付插件出错 

Himall.Core.Plugins.PluginException: 调用统一支付接口(Native)时,接口返回异常:商户订单号重复
   在 Himall.Plugin.Payment.WeiXinPay_Native.WeiXinPay.GetRequestUrl(String returnUrl, String notifyUrl, String orderId, Decimal totalFee, String productInfo, String openId)
   在 Himall.Web.Areas.Web.Controllers.OrderController.<>c__DisplayClass12_0.<Pay>b__6(Plugin`1 item) 位置 E:\MyGit\源码\Himall.Web\Areas\Web\Controllers\OrderController.cs:行号 482
