


 记录时间：2015-10-15 15:47:12,011 
日志级别：  ERROR 
出错类：Himall.Web.Framework.BaseController.OnException  
错误描述：页面未捕获的异常：Area:Web,Controller:home,Action:Index 

System.NullReferenceException: 未将对象引用设置到对象的实例。
   在 Himall.Core.Plugins.PluginInfo.get_PluginTypes() 位置 C:\Project\ObeliskTech\Himall2.1\trunk\Himall.Core\Plugins\PluginInfo.cs:行号 90
   在 GetPluginTypes(Object )
   在 Newtonsoft.Json.Serialization.DynamicValueProvider.GetValue(Object target)



 记录时间：2015-10-15 15:47:35,519 
日志级别：  ERROR 
出错类：Himall.Web.Framework.BaseController.OnException  
错误描述：页面未捕获的异常：Area:Web,Controller:home,Action:Index 

System.NullReferenceException: 未将对象引用设置到对象的实例。
   在 Himall.Core.Plugins.PluginInfo.get_PluginTypes() 位置 C:\Project\ObeliskTech\Himall2.1\trunk\Himall.Core\Plugins\PluginInfo.cs:行号 90
   在 GetPluginTypes(Object )
   在 Newtonsoft.Json.Serialization.DynamicValueProvider.GetValue(Object target)



 记录时间：2015-10-15 16:53:35,230 
日志级别：  ERROR 
出错类：Himall.Web.Areas.Web.Controllers.OrderController+<>c__DisplayClass12_0.<Pay>b__6  
错误描述：支付页面加载支付插件出错 

Himall.Core.PluginConfigException: 生成二维码出现异常:生成二维码出现异常:ILLEGAL_PARTNER
   在 Himall.Plugin.Payment.Alipay_QRCode.Service.GetRequestUrl(String returnUrl, String notifyUrl, String orderId, Decimal totalFee, String productInfo, String openId)
   在 Himall.Web.Areas.Web.Controllers.OrderController.<>c__DisplayClass12_0.<Pay>b__6(Plugin`1 item) 位置 C:\Project\ObeliskTech\Himall2.1\trunk\Himall.Web\Areas\Web\Controllers\OrderController.cs:行号 482
